<?xml version="1.0" encoding="UTF-8"?>
<!-- Generated by org.testng.reporters.JUnitReportReporter -->
<testsuite hostname="DESKTOP-TRIVF0G" failures="0" tests="1" name="PeopleNtech.Automationtraining.NewTestAnnotations2" time="0.008" errors="0" timestamp="2021-12-08T18:34:46 CST" skipped="0">
  <testcase classname="PeopleNtech.Automationtraining.NewTestAnnotations2" name="f" time="0.008"/>
  <system-out/>
</testsuite> <!-- PeopleNtech.Automationtraining.NewTestAnnotations2 -->
