<?xml version="1.0" encoding="UTF-8"?>
<!-- Generated by org.testng.reporters.JUnitReportReporter -->
<testsuite hostname="DESKTOP-TRIVF0G" failures="0" tests="2" name="PeopleNtech.Automationtraining.NewTestAnnotations" time="0.007" errors="0" timestamp="2021-12-11T09:11:49 CST" skipped="0">
  <testcase classname="PeopleNtech.Automationtraining.NewTestAnnotations" name="f2" time="0.002"/>
  <system-out/>
  <testcase classname="PeopleNtech.Automationtraining.NewTestAnnotations" name="f" time="0.005"/>
  <system-out/>
</testsuite> <!-- PeopleNtech.Automationtraining.NewTestAnnotations -->
