<?xml version="1.0" encoding="UTF-8"?>
<!-- Generated by org.testng.reporters.JUnitReportReporter -->
<testsuite hostname="DESKTOP-TRIVF0G" failures="0" tests="2" name="PeopleNtech.Automationtraining.SignUpFb" time="5.990" errors="0" timestamp="2021-12-21T17:44:45 CST" skipped="0">
  <testcase classname="PeopleNtech.Automationtraining.SignUpFb" name="f" time="2.998"/>
  <system-out/>
  <testcase classname="PeopleNtech.Automationtraining.SignUpFb" name="f" time="2.992"/>
  <system-out/>
</testsuite> <!-- PeopleNtech.Automationtraining.SignUpFb -->
