<?xml version="1.0" encoding="UTF-8"?>
<!-- Generated by org.testng.reporters.JUnitReportReporter -->
<testsuite hostname="DESKTOP-TRIVF0G" failures="0" tests="6" name="PeopleNtech.Automationtraining.Providing" time="96.434" errors="0" timestamp="2021-12-21T21:56:14 CST" skipped="0">
  <testcase classname="PeopleNtech.Automationtraining.Providing" name="f" time="15.096"/>
  <system-out/>
  <testcase classname="PeopleNtech.Automationtraining.Providing" name="f" time="16.314"/>
  <system-out/>
  <testcase classname="PeopleNtech.Automationtraining.Providing" name="f" time="14.239"/>
  <system-out/>
  <testcase classname="PeopleNtech.Automationtraining.Providing" name="f" time="16.495"/>
  <system-out/>
  <testcase classname="PeopleNtech.Automationtraining.Providing" name="f" time="18.223"/>
  <system-out/>
  <testcase classname="PeopleNtech.Automationtraining.Providing" name="f" time="16.067"/>
  <system-out/>
</testsuite> <!-- PeopleNtech.Automationtraining.Providing -->
