<?xml version="1.0" encoding="UTF-8"?>
<!-- Generated by org.testng.reporters.JUnitReportReporter -->
<testsuite hostname="DESKTOP-TRIVF0G" failures="0" tests="4" name="PeopleNtech.Automationtraining.FindElements" time="62.016" errors="0" timestamp="2021-12-22T18:52:52 CST" skipped="0">
  <testcase classname="PeopleNtech.Automationtraining.FindElements" name="proprtisOfMethod" time="18.035"/>
  <system-out/>
  <testcase classname="PeopleNtech.Automationtraining.FindElements" name="f" time="13.178"/>
  <system-out/>
  <testcase classname="PeopleNtech.Automationtraining.FindElements" name="f" time="10.915"/>
  <system-out/>
  <testcase classname="PeopleNtech.Automationtraining.FindElements" name="proprtisOfMethod" time="19.888"/>
  <system-out/>
</testsuite> <!-- PeopleNtech.Automationtraining.FindElements -->
